


45 86 
45 86 
45 82 86 90 
9 45 82 86 90 
9 45 71 82 86 90 
9 45 71 82 86 90 
6 9 45 71 72 82 86 90 
6 9 45 71 72 82 86 90 
6 9 45 71 72 82 86 90 95 
6 9 12 45 71 72 82 86 90 95 
0 6 9 12 23 45 71 72 82 86 90 95 
0 6 9 12 23 45 71 72 82 86 90 95 
0 6 9 12 23 45 62 71 72 82 86 90 95 
0 6 9 12 23 45 59 62 71 72 82 86 90 95 
0 6 9 12 23 31 43 45 59 62 71 72 82 86 90 95 
0 6 9 12 23 31 43 45 59 62 71 72 82 86 90 95 
0 6 9 12 23 31 43 45 59 62 64 69 71 72 82 86 90 95 
0 6 9 12 23 31 43 45 59 62 64 69 71 72 78 82 86 90 95 
0 6 9 12 23 31 43 45 59 62 64 69 71 72 78 82 86 90 95 
0 6 9 12 23 31 43 45 59 62 64 69 71 72 74 78 82 86 90 95 
0 6 9 12 23 25 31 43 45 59 62 64 69 71 72 74 78 82 86 90 95 
0 6 9 12 23 25 31 42 43 45 59 62 64 69 71 72 74 78 82 86 90 95 
0 6 9 12 23 25 31 42 43 45 47 59 62 64 69 71 72 74 78 82 83 86 90 95 
0 6 9 12 23 25 31 42 43 45 47 59 62 64 69 71 72 74 78 82 83 86 90 95 
0 6 9 12 23 25 31 42 43 45 47 59 62 64 69 71 72 74 78 82 83 86 90 95 97 
0 6 9 12 23 25 31 42 43 45 47 59 62 64 69 71 72 74 78 82 83 86 90 95 97 98 
0 6 9 12 23 25 31 40 42 43 45 47 59 62 64 69 71 72 74 78 82 83 86 90 95 97 98 
0 1 6 9 12 23 25 31 40 42 43 45 47 59 62 64 69 71 72 74 78 82 83 86 90 95 97 98 
0 1 6 9 12 20 23 25 31 40 42 43 45 47 59 62 64 69 71 72 74 78 82 83 86 90 95 97 98 
0 1 6 9 12 20 23 25 31 40 42 43 45 47 59 62 63 64 69 71 72 74 78 82 83 86 90 95 97 98 
0 1 6 9 12 20 23 25 31 40 42 43 45 47 56 59 62 63 64 69 71 72 74 78 82 83 86 90 95 97 98 
0 1 6 9 12 19 20 23 25 31 40 42 43 45 47 56 59 62 63 64 69 71 72 74 78 82 83 86 90 95 97 98 
0 1 6 9 12 19 20 23 25 31 40 42 43 45 47 56 59 62 63 64 67 69 70 71 72 74 78 82 83 86 90 95 97 98 
0 1 6 9 12 19 20 23 25 31 40 42 43 45 47 56 59 62 63 64 67 69 70 71 72 74 78 82 83 86 90 95 97 98 
0 1 6 9 12 19 20 23 25 31 40 42 43 45 47 56 59 62 63 64 67 69 70 71 72 74 78 82 83 86 90 91 95 97 98 
0 1 6 9 10 12 19 20 23 25 31 40 42 43 45 47 56 59 62 63 64 67 69 70 71 72 74 78 82 83 86 90 91 95 97 98 
0 1 6 9 10 12 14 19 20 23 25 31 40 42 43 45 47 56 59 62 63 64 67 69 70 71 72 74 78 82 83 86 87 90 91 95 97 98 
0 1 6 9 10 12 14 19 20 23 25 31 32 40 42 43 45 47 56 59 62 63 64 67 69 70 71 72 74 78 82 83 86 87 90 91 95 97 98 
0 1 6 9 10 12 14 19 20 23 25 31 32 40 42 43 45 47 56 59 62 63 64 67 69 70 71 72 74 78 82 83 86 87 90 91 95 97 98 
0 1 6 9 10 12 14 19 20 23 25 31 32 34 40 42 43 45 47 56 59 62 63 64 67 69 70 71 72 74 78 82 83 86 87 90 91 95 97 98 
0 1 6 9 10 12 14 19 20 23 25 31 32 34 40 42 43 45 47 56 59 62 63 64 67 69 70 71 72 74 78 82 83 86 87 89 90 91 95 97 98 
0 1 6 9 10 12 14 18 19 20 23 25 31 32 34 40 42 43 45 47 56 59 62 63 64 67 69 70 71 72 74 78 82 83 86 87 89 90 91 95 97 98 
0 1 6 9 10 12 14 18 19 20 23 25 31 32 34 40 42 43 45 47 56 59 60 62 63 64 67 69 70 71 72 74 78 82 83 86 87 89 90 91 95 97 98 
0 1 6 9 10 12 14 18 19 20 23 25 31 32 34 40 42 43 45 47 56 57 59 60 62 63 64 67 69 70 71 72 74 78 82 83 86 87 89 90 91 95 97 98 
0 1 6 9 10 12 14 18 19 20 23 25 31 32 34 40 42 43 45 47 56 57 59 60 62 63 64 67 69 70 71 72 74 76 78 82 83 86 87 89 90 91 95 97 98 
0 1 6 9 10 12 14 18 19 20 23 25 31 32 34 40 42 43 45 47 55 56 57 59 60 62 63 64 67 69 70 71 72 74 76 78 82 83 86 87 89 90 91 95 97 98 
0 1 6 9 10 12 14 18 19 20 23 25 31 32 34 40 42 43 45 47 55 56 57 59 60 62 63 64 67 69 70 71 72 74 76 78 82 83 86 87 88 89 90 91 95 97 98 
0 1 6 9 10 12 14 18 19 20 23 25 31 32 34 40 42 43 44 45 47 55 56 57 59 60 62 63 64 67 69 70 71 72 74 76 78 82 83 86 87 88 89 90 91 95 97 98 
0 1 6 9 10 12 14 18 19 20 23 25 31 32 34 40 42 43 44 45 47 51 55 56 57 59 60 62 63 64 67 69 70 71 72 74 76 78 82 83 86 87 88 89 90 91 95 97 98 
0 1 6 7 9 10 12 14 18 19 20 23 25 31 32 34 40 42 43 44 45 47 51 55 56 57 59 60 62 63 64 67 69 70 71 72 74 76 78 82 83 86 87 88 89 90 91 95 97 98 
0 1 6 7 9 10 12 14 18 19 20 23 25 31 32 34 40 42 43 44 45 47 49 51 55 56 57 59 60 62 63 64 66 67 69 70 71 72 74 76 78 82 83 86 87 88 89 90 91 95 97 98 
0 1 6 7 9 10 12 14 18 19 20 23 25 31 32 34 40 42 43 44 45 47 49 51 55 56 57 59 60 62 63 64 66 67 69 70 71 72 74 76 78 82 83 86 87 88 89 90 91 95 97 98 
0 1 6 7 9 10 12 14 18 19 20 22 23 25 31 32 34 40 42 43 44 45 47 49 51 55 56 57 59 60 62 63 64 66 67 69 70 71 72 74 76 78 82 83 86 87 88 89 90 91 95 97 98 
0 1 6 7 9 10 12 14 18 19 20 22 23 25 31 32 34 40 42 43 44 45 47 49 51 55 56 57 58 59 60 62 63 64 66 67 69 70 71 72 74 76 78 82 83 86 87 88 89 90 91 95 97 98 
0 1 6 7 9 10 12 14 18 19 20 21 22 23 25 31 32 34 40 42 43 44 45 47 49 51 53 55 56 57 58 59 60 62 63 64 66 67 69 70 71 72 74 76 78 82 83 86 87 88 89 90 91 95 97 98 
0 1 6 7 9 10 12 14 18 19 20 21 22 23 25 31 32 34 40 42 43 44 45 47 49 51 53 55 56 57 58 59 60 62 63 64 66 67 69 70 71 72 74 76 78 82 83 86 87 88 89 90 91 95 97 98 
0 1 6 7 8 9 10 12 14 18 19 20 21 22 23 25 31 32 34 40 42 43 44 45 47 49 51 53 55 56 57 58 59 60 62 63 64 66 67 69 70 71 72 74 76 78 82 83 86 87 88 89 90 91 95 97 98 
0 1 5 6 7 8 9 10 12 14 18 19 20 21 22 23 25 31 32 34 40 42 43 44 45 47 49 51 53 55 56 57 58 59 60 62 63 64 66 67 69 70 71 72 74 76 78 82 83 86 87 88 89 90 91 95 96 97 98 
0 1 5 6 7 8 9 10 12 14 18 19 20 21 22 23 25 31 32 34 40 42 43 44 45 47 49 51 53 55 56 57 58 59 60 62 63 64 66 67 69 70 71 72 74 76 78 82 83 86 87 88 89 90 91 95 96 97 98 
0 1 5 6 7 8 9 10 12 14 18 19 20 21 22 23 25 31 32 34 38 40 42 43 44 45 47 49 51 53 55 56 57 58 59 60 62 63 64 66 67 69 70 71 72 74 76 78 82 83 86 87 88 89 90 91 95 96 97 98 
0 1 5 6 7 8 9 10 12 14 18 19 20 21 22 23 25 31 32 34 38 40 42 43 44 45 47 49 51 53 55 56 57 58 59 60 62 63 64 66 67 69 70 71 72 74 76 78 82 83 86 87 88 89 90 91 95 96 97 98 100 
0 1 5 6 7 8 9 10 12 14 15 18 19 20 21 22 23 25 31 32 34 38 40 42 43 44 45 47 49 51 53 55 56 57 58 59 60 62 63 64 66 67 69 70 71 72 74 76 78 82 83 86 87 88 89 90 91 95 96 97 98 100 
0 1 5 6 7 8 9 10 12 14 15 18 19 20 21 22 23 25 28 31 32 34 38 40 42 43 44 45 47 49 51 53 55 56 57 58 59 60 62 63 64 66 67 69 70 71 72 74 76 78 82 83 86 87 88 89 90 91 94 95 96 97 98 100 
0 1 5 6 7 8 9 10 12 14 15 18 19 20 21 22 23 25 28 31 32 34 38 40 42 43 44 45 47 49 51 53 55 56 57 58 59 60 62 63 64 66 67 69 70 71 72 74 76 78 82 83 86 87 88 89 90 91 94 95 96 97 98 100 
0 1 5 6 7 8 9 10 12 14 15 18 19 20 21 22 23 25 28 31 32 34 38 40 42 43 44 45 47 49 51 53 55 56 57 58 59 60 62 63 64 65 66 67 68 69 70 71 72 74 76 78 82 83 86 87 88 89 90 91 94 95 96 97 98 100 
0 1 5 6 7 8 9 10 12 14 15 18 19 20 21 22 23 25 28 31 32 34 38 40 42 43 44 45 47 49 51 53 55 56 57 58 59 60 62 63 64 65 66 67 68 69 70 71 72 74 76 78 82 83 86 87 88 89 90 91 94 95 96 97 98 100 
0 1 5 6 7 8 9 10 12 14 15 18 19 20 21 22 23 25 28 29 31 32 34 38 40 42 43 44 45 47 49 51 53 55 56 57 58 59 60 62 63 64 65 66 67 68 69 70 71 72 74 76 78 82 83 86 87 88 89 90 91 94 95 96 97 98 100 
0 1 5 6 7 8 9 10 12 14 15 18 19 20 21 22 23 25 26 28 29 31 32 34 38 40 42 43 44 45 47 49 51 53 55 56 57 58 59 60 62 63 64 65 66 67 68 69 70 71 72 74 76 78 82 83 86 87 88 89 90 91 92 94 95 96 97 98 100 
0 1 5 6 7 8 9 10 12 14 15 18 19 20 21 22 23 25 26 28 29 31 32 34 38 40 42 43 44 45 47 49 51 53 55 56 57 58 59 60 62 63 64 65 66 67 68 69 70 71 72 74 76 78 82 83 86 87 88 89 90 91 92 94 95 96 97 98 100 
0 1 5 6 7 8 9 10 12 14 15 18 19 20 21 22 23 25 26 28 29 31 32 34 38 40 42 43 44 45 47 49 51 53 55 56 57 58 59 60 62 63 64 65 66 67 68 69 70 71 72 73 74 76 78 82 83 86 87 88 89 90 91 92 94 95 96 97 98 100 
0 1 5 6 7 8 9 10 12 14 15 18 19 20 21 22 23 25 26 28 29 31 32 34 37 38 40 42 43 44 45 47 49 51 53 55 56 57 58 59 60 62 63 64 65 66 67 68 69 70 71 72 73 74 76 78 82 83 86 87 88 89 90 91 92 94 95 96 97 98 100 
0 1 5 6 7 8 9 10 12 14 15 16 18 19 20 21 22 23 25 26 28 29 31 32 34 37 38 40 42 43 44 45 47 49 51 53 55 56 57 58 59 60 62 63 64 65 66 67 68 69 70 71 72 73 74 76 78 82 83 86 87 88 89 90 91 92 94 95 96 97 98 100 
0 1 5 6 7 8 9 10 12 14 15 16 18 19 20 21 22 23 25 26 27 28 29 31 32 34 37 38 40 41 42 43 44 45 47 49 51 53 55 56 57 58 59 60 62 63 64 65 66 67 68 69 70 71 72 73 74 76 78 82 83 86 87 88 89 90 91 92 94 95 96 97 98 100 
0 1 2 5 6 7 8 9 10 12 14 15 16 18 19 20 21 22 23 25 26 27 28 29 31 32 34 37 38 40 41 42 43 44 45 47 49 51 53 55 56 57 58 59 60 62 63 64 65 66 67 68 69 70 71 72 73 74 76 78 82 83 86 87 88 89 90 91 92 94 95 96 97 98 100 
0 1 2 5 6 7 8 9 10 12 14 15 16 18 19 20 21 22 23 25 26 27 28 29 31 32 34 37 38 40 41 42 43 44 45 47 49 51 53 55 56 57 58 59 60 62 63 64 65 66 67 68 69 70 71 72 73 74 76 78 82 83 86 87 88 89 90 91 92 94 95 96 97 98 100 
0 1 2 5 6 7 8 9 10 12 14 15 16 18 19 20 21 22 23 25 26 27 28 29 30 31 32 34 37 38 40 41 42 43 44 45 47 49 51 53 55 56 57 58 59 60 62 63 64 65 66 67 68 69 70 71 72 73 74 76 78 82 83 84 86 87 88 89 90 91 92 94 95 96 97 98 100 
0 1 2 5 6 7 8 9 10 12 14 15 16 18 19 20 21 22 23 25 26 27 28 29 30 31 32 34 37 38 40 41 42 43 44 45 47 49 51 53 55 56 57 58 59 60 62 63 64 65 66 67 68 69 70 71 72 73 74 76 78 82 83 84 86 87 88 89 90 91 92 94 95 96 97 98 100 
0 1 2 5 6 7 8 9 10 12 14 15 16 18 19 20 21 22 23 25 26 27 28 29 30 31 32 34 37 38 40 41 42 43 44 45 47 49 51 53 55 56 57 58 59 60 62 63 64 65 66 67 68 69 70 71 72 73 74 76 78 80 82 83 84 86 87 88 89 90 91 92 94 95 96 97 98 100 
0 1 2 5 6 7 8 9 10 12 14 15 16 18 19 20 21 22 23 25 26 27 28 29 30 31 32 34 37 38 39 40 41 42 43 44 45 47 49 51 53 55 56 57 58 59 60 62 63 64 65 66 67 68 69 70 71 72 73 74 76 78 80 82 83 84 86 87 88 89 90 91 92 94 95 96 97 98 100 
0 1 2 5 6 7 8 9 10 12 14 15 16 18 19 20 21 22 23 25 26 27 28 29 30 31 32 34 37 38 39 40 41 42 43 44 45 47 49 51 53 54 55 56 57 58 59 60 62 63 64 65 66 67 68 69 70 71 72 73 74 76 78 80 82 83 84 86 87 88 89 90 91 92 94 95 96 97 98 100 
0 1 2 5 6 7 8 9 10 12 14 15 16 18 19 20 21 22 23 25 26 27 28 29 30 31 32 34 37 38 39 40 41 42 43 44 45 46 47 49 51 53 54 55 56 57 58 59 60 62 63 64 65 66 67 68 69 70 71 72 73 74 76 78 80 82 83 84 86 87 88 89 90 91 92 94 95 96 97 98 100 
0 1 2 5 6 7 8 9 10 12 14 15 16 18 19 20 21 22 23 25 26 27 28 29 30 31 32 34 37 38 39 40 41 42 43 44 45 46 47 49 51 53 54 55 56 57 58 59 60 62 63 64 65 66 67 68 69 70 71 72 73 74 76 78 79 80 82 83 84 86 87 88 89 90 91 92 94 95 96 97 98 100 
0 1 2 5 6 7 8 9 10 12 14 15 16 18 19 20 21 22 23 25 26 27 28 29 30 31 32 34 37 38 39 40 41 42 43 44 45 46 47 49 51 53 54 55 56 57 58 59 60 62 63 64 65 66 67 68 69 70 71 72 73 74 76 77 78 79 80 82 83 84 86 87 88 89 90 91 92 94 95 96 97 98 100 
0 1 2 5 6 7 8 9 10 12 14 15 16 18 19 20 21 22 23 24 25 26 27 28 29 30 31 32 34 37 38 39 40 41 42 43 44 45 46 47 49 51 53 54 55 56 57 58 59 60 62 63 64 65 66 67 68 69 70 71 72 73 74 76 77 78 79 80 82 83 84 86 87 88 89 90 91 92 94 95 96 97 98 100 
0 1 2 5 6 7 8 9 10 12 14 15 16 18 19 20 21 22 23 24 25 26 27 28 29 30 31 32 34 35 37 38 39 40 41 42 43 44 45 46 47 49 51 53 54 55 56 57 58 59 60 62 63 64 65 66 67 68 69 70 71 72 73 74 76 77 78 79 80 82 83 84 86 87 88 89 90 91 92 94 95 96 97 98 100 
0 1 2 5 6 7 8 9 10 12 14 15 16 18 19 20 21 22 23 24 25 26 27 28 29 30 31 32 34 35 37 38 39 40 41 42 43 44 45 46 47 49 51 53 54 55 56 57 58 59 60 62 63 64 65 66 67 68 69 70 71 72 73 74 76 77 78 79 80 82 83 84 86 87 88 89 90 91 92 94 95 96 97 98 99 100 
0 1 2 5 6 7 8 9 10 12 13 14 15 16 18 19 20 21 22 23 24 25 26 27 28 29 30 31 32 34 35 37 38 39 40 41 42 43 44 45 46 47 49 51 53 54 55 56 57 58 59 60 62 63 64 65 66 67 68 69 70 71 72 73 74 76 77 78 79 80 82 83 84 86 87 88 89 90 91 92 94 95 96 97 98 99 100 
0 1 2 5 6 7 8 9 10 11 12 13 14 15 16 18 19 20 21 22 23 24 25 26 27 28 29 30 31 32 34 35 37 38 39 40 41 42 43 44 45 46 47 48 49 51 53 54 55 56 57 58 59 60 62 63 64 65 66 67 68 69 70 71 72 73 74 76 77 78 79 80 82 83 84 86 87 88 89 90 91 92 94 95 96 97 98 99 100 
0 1 2 5 6 7 8 9 10 11 12 13 14 15 16 18 19 20 21 22 23 24 25 26 27 28 29 30 31 32 34 35 37 38 39 40 41 42 43 44 45 46 47 48 49 51 53 54 55 56 57 58 59 60 62 63 64 65 66 67 68 69 70 71 72 73 74 76 77 78 79 80 82 83 84 86 87 88 89 90 91 92 94 95 96 97 98 99 100 
0 1 2 5 6 7 8 9 10 11 12 13 14 15 16 18 19 20 21 22 23 24 25 26 27 28 29 30 31 32 34 35 37 38 39 40 41 42 43 44 45 46 47 48 49 51 53 54 55 56 57 58 59 60 61 62 63 64 65 66 67 68 69 70 71 72 73 74 76 77 78 79 80 82 83 84 86 87 88 89 90 91 92 94 95 96 97 98 99 100 
0 1 2 5 6 7 8 9 10 11 12 13 14 15 16 18 19 20 21 22 23 24 25 26 27 28 29 30 31 32 34 35 36 37 38 39 40 41 42 43 44 45 46 47 48 49 51 53 54 55 56 57 58 59 60 61 62 63 64 65 66 67 68 69 70 71 72 73 74 76 77 78 79 80 82 83 84 86 87 88 89 90 91 92 94 95 96 97 98 99 100 
0 1 2 4 5 6 7 8 9 10 11 12 13 14 15 16 18 19 20 21 22 23 24 25 26 27 28 29 30 31 32 34 35 36 37 38 39 40 41 42 43 44 45 46 47 48 49 51 53 54 55 56 57 58 59 60 61 62 63 64 65 66 67 68 69 70 71 72 73 74 76 77 78 79 80 82 83 84 86 87 88 89 90 91 92 94 95 96 97 98 99 100 
0 1 2 4 5 6 7 8 9 10 11 12 13 14 15 16 18 19 20 21 22 23 24 25 26 27 28 29 30 31 32 34 35 36 37 38 39 40 41 42 43 44 45 46 47 48 49 51 53 54 55 56 57 58 59 60 61 62 63 64 65 66 67 68 69 70 71 72 73 74 75 76 77 78 79 80 82 83 84 86 87 88 89 90 91 92 94 95 96 97 98 99 100 
0 1 2 4 5 6 7 8 9 10 11 12 13 14 15 16 18 19 20 21 22 23 24 25 26 27 28 29 30 31 32 34 35 36 37 38 39 40 41 42 43 44 45 46 47 48 49 51 53 54 55 56 57 58 59 60 61 62 63 64 65 66 67 68 69 70 71 72 73 74 75 76 77 78 79 80 82 83 84 85 86 87 88 89 90 91 92 94 95 96 97 98 99 100 
0 1 2 4 5 6 7 8 9 10 11 12 13 14 15 16 18 19 20 21 22 23 24 25 26 27 28 29 30 31 32 34 35 36 37 38 39 40 41 42 43 44 45 46 47 48 49 50 51 53 54 55 56 57 58 59 60 61 62 63 64 65 66 67 68 69 70 71 72 73 74 75 76 77 78 79 80 82 83 84 85 86 87 88 89 90 91 92 94 95 96 97 98 99 100 
0 1 2 4 5 6 7 8 9 10 11 12 13 14 15 16 18 19 20 21 22 23 24 25 26 27 28 29 30 31 32 34 35 36 37 38 39 40 41 42 43 44 45 46 47 48 49 50 51 53 54 55 56 57 58 59 60 61 62 63 64 65 66 67 68 69 70 71 72 73 74 75 76 77 78 79 80 82 83 84 85 86 87 88 89 90 91 92 93 94 95 96 97 98 99 100 
0 1 2 4 5 6 7 8 9 10 11 12 13 14 15 16 18 19 20 21 22 23 24 25 26 27 28 29 30 31 32 34 35 36 37 38 39 40 41 42 43 44 45 46 47 48 49 50 51 53 54 55 56 57 58 59 60 61 62 63 64 65 66 67 68 69 70 71 72 73 74 75 76 77 78 79 80 81 82 83 84 85 86 87 88 89 90 91 92 93 94 95 96 97 98 99 100 
0 1 2 3 4 5 6 7 8 9 10 11 12 13 14 15 16 18 19 20 21 22 23 24 25 26 27 28 29 30 31 32 34 35 36 37 38 39 40 41 42 43 44 45 46 47 48 49 50 51 52 53 54 55 56 57 58 59 60 61 62 63 64 65 66 67 68 69 70 71 72 73 74 75 76 77 78 79 80 81 82 83 84 85 86 87 88 89 90 91 92 93 94 95 96 97 98 99 100 
0 1 2 3 4 5 6 7 8 9 10 11 12 13 14 15 16 18 19 20 21 22 23 24 25 26 27 28 29 30 31 32 34 35 36 37 38 39 40 41 42 43 44 45 46 47 48 49 50 51 52 53 54 55 56 57 58 59 60 61 62 63 64 65 66 67 68 69 70 71 72 73 74 75 76 77 78 79 80 81 82 83 84 85 86 87 88 89 90 91 92 93 94 95 96 97 98 99 100 
0 1 2 3 4 5 6 7 8 9 10 11 12 13 14 15 16 18 19 20 21 22 23 24 25 26 27 28 29 30 31 32 33 34 35 36 37 38 39 40 41 42 43 44 45 46 47 48 49 50 51 52 53 54 55 56 57 58 59 60 61 62 63 64 65 66 67 68 69 70 71 72 73 74 75 76 77 78 79 80 81 82 83 84 85 86 87 88 89 90 91 92 93 94 95 96 97 98 99 100 
0 1 2 3 4 5 6 7 8 9 10 11 12 13 14 15 16 17 18 19 20 21 22 23 24 25 26 27 28 29 30 31 32 33 34 35 36 37 38 39 40 41 42 43 44 45 46 47 48 49 50 51 52 53 54 55 56 57 58 59 60 61 62 63 64 65 66 67 68 69 70 71 72 73 74 75 76 77 78 79 80 81 82 83 84 85 86 87 88 89 90 91 92 93 94 95 96 97 98 99 100 
0 1 2 3 4 5 6 7 8 9 10 11 12 13 14 15 16 17 18 19 20 21 22 23 24 25 26 27 28 29 30 31 32 33 34 35 36 37 38 39 40 41 42 43 44 45 46 47 48 49 50 51 52 53 54 55 56 57 58 59 60 61 62 63 64 65 66 67 68 69 70 71 72 73 74 75 76 77 78 79 80 81 82 83 84 85 86 87 88 89 90 91 92 93 94 95 96 97 98 99 100 
0 1 2 3 4 5 6 7 8 9 10 11 12 13 14 15 16 17 18 19 20 21 22 23 24 25 26 27 28 29 30 31 32 33 34 35 36 37 38 39 40 41 42 43 44 45 46 47 48 49 50 51 52 53 54 55 56 57 58 59 60 61 62 63 64 65 66 67 68 69 70 71 72 73 74 75 76 77 78 79 80 81 82 83 84 85 86 87 88 89 90 91 92 93 94 95 96 97 98 99 100 
0 1 2 3 4 5 6 7 8 9 10 11 12 13 14 15 16 17 18 19 20 21 22 23 24 25 26 27 28 29 30 31 32 33 34 35 36 37 38 39 40 41 42 43 44 45 46 47 48 49 50 51 52 53 54 55 56 57 58 59 60 61 62 63 64 65 66 67 68 69 70 71 72 73 74 75 76 77 78 79 80 81 82 83 84 85 86 87 88 89 90 91 92 93 94 95 96 97 98 99 100 
0 1 2 3 4 5 6 7 8 9 10 11 12 13 14 15 16 17 18 19 20 21 22 23 24 25 26 27 28 29 30 31 32 33 34 35 36 37 38 39 40 41 42 43 44 45 46 47 48 49 50 51 52 53 54 55 56 57 58 59 60 61 62 63 64 65 66 67 68 69 70 71 72 73 74 75 76 77 78 79 80 81 83 84 85 86 87 88 89 90 91 92 93 94 95 96 97 98 99 100 
0 1 2 3 4 5 6 7 8 9 10 11 12 13 14 15 16 17 18 19 20 21 22 23 24 25 26 27 28 29 30 31 32 33 34 35 36 37 38 39 40 41 42 43 44 45 46 47 48 49 50 51 52 53 54 55 56 57 58 59 60 61 62 63 64 65 66 67 69 70 71 72 73 74 75 76 77 78 79 80 81 83 84 85 86 87 88 89 90 91 92 93 94 95 96 97 98 99 100 
0 1 2 3 4 5 6 7 8 9 10 11 12 13 14 15 16 17 19 20 21 22 23 24 25 26 27 28 29 30 31 32 33 34 35 36 37 38 39 40 41 42 43 44 45 46 47 48 49 50 51 52 53 54 55 56 57 58 59 60 61 62 63 64 65 66 67 69 70 71 72 73 74 75 76 77 78 79 80 81 83 84 85 86 87 88 89 90 91 92 93 94 95 96 97 98 99 100 
0 1 2 3 4 5 6 7 8 9 10 11 12 13 14 15 16 17 19 20 21 22 23 24 25 26 27 28 29 30 31 32 33 34 35 36 37 38 39 40 41 42 43 44 45 46 47 48 49 50 51 52 53 54 55 56 57 58 59 60 61 62 63 64 65 66 67 69 70 71 72 73 74 75 76 77 78 79 80 81 83 84 85 86 87 88 89 90 91 92 93 95 96 97 98 99 100 
0 1 2 3 4 5 6 7 8 9 10 11 12 13 14 15 16 17 19 20 21 22 23 24 25 27 28 29 30 31 32 33 34 35 36 37 38 39 40 41 42 43 44 45 46 47 48 49 50 51 52 53 54 55 56 57 58 59 60 61 62 63 64 65 66 67 69 70 71 72 73 74 75 76 77 78 79 80 81 83 84 85 86 87 88 89 90 91 92 93 95 96 97 98 99 100 
0 1 2 3 4 5 6 7 8 9 10 11 12 13 14 15 16 17 19 20 21 22 23 24 25 27 28 29 30 31 32 33 34 35 36 37 38 39 40 41 42 43 44 45 46 47 48 49 50 51 52 53 54 55 56 57 58 59 60 61 62 63 64 65 66 67 69 70 71 72 73 74 75 76 77 78 79 80 81 83 84 85 86 87 89 90 91 92 93 95 96 97 98 99 100 
0 1 2 3 4 5 6 7 8 9 10 11 12 13 14 15 16 17 19 20 21 22 23 24 25 27 28 29 30 31 32 33 34 35 36 37 38 39 40 41 42 43 44 45 46 48 49 50 51 52 53 54 55 56 57 58 59 60 61 62 63 64 65 66 67 69 70 71 72 73 74 75 76 77 78 79 80 81 83 84 85 86 87 89 90 91 92 93 95 96 97 98 99 100 
0 1 2 3 4 5 6 7 8 9 10 11 12 13 14 16 17 19 20 21 22 23 24 25 27 28 29 30 31 32 33 34 35 36 37 38 39 40 41 42 43 44 45 46 48 49 50 51 52 53 54 55 56 57 58 59 60 61 62 63 64 65 66 67 69 70 71 72 73 74 75 76 77 79 80 81 83 84 85 86 87 89 90 91 92 93 95 96 97 98 99 100 
0 1 2 3 4 5 6 7 8 9 10 11 12 13 14 16 17 19 20 21 22 23 24 25 27 28 29 30 31 32 33 34 35 36 37 38 39 40 41 42 43 44 45 46 48 49 50 51 52 53 54 55 56 57 58 59 60 61 62 63 64 65 66 67 69 70 71 72 73 74 75 76 77 79 80 81 83 84 85 86 87 89 90 91 92 93 95 96 97 98 99 100 
0 1 2 3 4 5 6 7 8 9 10 11 12 13 14 16 17 19 20 21 22 23 24 25 27 28 29 30 31 32 33 34 35 36 37 38 39 40 42 43 44 45 46 48 49 50 51 52 53 54 55 56 57 58 59 60 61 62 63 64 65 66 67 69 70 71 72 73 74 75 76 77 79 80 81 83 84 85 86 87 89 90 91 92 93 95 96 97 98 99 100 
0 1 2 3 4 5 6 7 8 9 10 11 12 13 14 16 17 19 20 21 22 23 24 25 27 28 29 30 31 32 33 34 35 36 37 38 39 40 42 43 44 45 46 48 49 50 51 53 54 55 56 57 58 59 60 61 62 63 64 65 66 67 69 70 71 72 73 74 75 76 77 79 80 81 83 84 85 86 87 89 90 91 92 93 95 96 97 98 99 100 
0 1 2 3 4 5 6 7 8 9 10 11 13 14 16 17 19 20 21 22 23 24 25 27 28 29 30 31 32 33 34 35 36 37 38 39 40 42 43 44 45 46 48 49 50 51 53 54 55 56 57 58 59 60 61 62 63 64 65 66 67 69 70 71 72 73 74 75 76 77 79 80 81 83 84 85 86 87 89 90 91 92 93 95 96 97 98 99 100 
0 1 2 3 4 5 6 7 8 9 10 11 13 14 16 17 19 20 21 22 23 24 25 28 29 30 31 32 33 34 35 36 37 38 39 40 42 43 44 45 46 48 49 50 51 53 54 55 56 57 58 59 60 61 62 63 64 65 66 67 69 70 71 72 73 74 75 76 77 79 80 81 83 84 85 86 87 89 90 91 92 93 95 96 97 98 99 100 
0 1 2 3 4 5 6 7 8 9 10 11 13 14 16 17 19 20 21 22 23 24 25 28 29 30 31 32 33 34 35 36 37 38 39 40 42 43 44 46 48 49 50 51 53 54 55 56 57 58 59 60 61 62 63 64 65 66 67 69 70 71 72 73 74 75 76 77 79 80 81 83 84 85 86 87 89 90 91 92 93 95 96 97 98 99 100 
0 1 2 3 4 5 6 7 8 9 10 11 13 14 16 17 19 20 21 22 23 24 25 28 29 30 31 32 33 34 35 36 37 38 39 40 42 43 44 46 48 49 50 51 53 54 55 56 57 59 60 61 62 63 64 65 66 67 69 70 71 72 73 74 75 76 77 79 80 81 83 84 85 86 87 89 90 91 92 93 95 96 97 98 99 100 
0 1 2 3 4 5 6 7 8 9 10 11 13 14 16 17 19 20 21 22 23 24 25 28 29 30 31 32 33 34 35 36 37 38 39 40 42 43 44 46 48 49 50 51 53 54 55 56 57 59 60 61 62 63 64 65 66 67 69 71 72 73 74 75 76 77 79 80 81 83 84 85 86 87 89 90 91 92 93 95 96 97 98 99 100 
1 2 3 4 5 6 7 8 9 10 11 13 14 16 17 19 20 21 22 23 24 25 28 29 30 31 32 33 34 35 36 37 38 39 40 42 43 44 46 48 49 50 51 53 54 55 56 57 59 60 61 62 63 64 65 66 67 69 71 72 73 74 75 76 77 79 80 81 83 84 85 86 87 89 90 91 92 93 95 96 97 98 99 100 
1 2 3 4 5 6 7 8 9 10 11 13 14 16 17 19 20 21 22 23 24 25 28 29 30 31 32 33 34 35 36 37 38 40 42 43 44 46 48 49 50 51 53 54 55 56 57 59 60 61 62 63 64 65 66 69 71 72 73 74 75 76 77 79 80 81 83 84 85 86 87 89 90 91 92 93 95 96 97 98 99 100 
1 2 3 4 5 6 7 8 9 10 11 13 14 16 17 19 20 21 22 23 24 25 28 29 30 31 32 33 34 35 36 37 38 40 42 43 44 46 48 49 50 51 53 54 55 56 57 59 60 61 62 63 64 65 66 69 71 72 73 74 75 76 77 79 80 81 83 84 85 86 87 89 90 91 92 93 95 96 97 98 99 100 
1 2 3 4 5 6 7 8 9 10 11 14 16 17 19 20 21 22 23 24 25 28 29 30 31 32 33 34 35 36 37 38 40 42 43 44 46 48 49 50 51 53 54 55 56 57 59 60 61 62 63 64 65 66 69 71 72 73 74 75 76 77 79 80 81 83 84 85 86 87 89 90 91 92 93 95 96 97 98 99 100 
1 2 3 4 5 6 7 8 9 10 11 14 16 17 19 20 21 22 23 24 25 28 29 30 31 32 33 34 35 36 37 38 40 42 43 44 46 48 49 50 51 53 54 55 56 57 60 61 62 63 64 66 69 71 72 73 74 75 76 77 79 80 81 83 84 85 86 87 89 90 91 92 93 95 96 97 98 99 100 
1 2 3 4 5 6 7 8 9 11 14 16 17 19 20 21 22 23 24 25 28 29 30 31 32 33 34 35 36 37 38 40 42 43 44 46 48 49 50 51 53 54 55 56 57 60 61 62 63 64 66 69 71 72 73 74 75 76 77 79 80 81 83 84 85 86 87 89 90 91 92 93 95 96 97 98 99 100 
1 2 3 4 5 6 7 8 9 11 14 16 17 19 20 21 22 23 24 25 28 29 30 31 32 33 34 35 36 37 38 40 42 43 44 46 48 49 50 51 53 54 55 56 57 60 61 62 63 64 66 69 71 72 73 74 75 76 77 79 80 81 83 84 85 86 87 90 91 92 93 95 96 97 98 99 100 
1 2 3 4 5 6 7 8 9 11 14 16 17 19 20 21 22 23 24 25 28 29 30 31 32 33 34 35 36 37 38 40 42 43 44 46 48 49 50 51 53 54 55 56 57 60 61 62 63 64 66 69 71 72 73 74 75 76 77 79 80 81 83 84 85 86 87 90 91 92 93 95 96 97 98 99 100 
1 2 3 4 5 6 7 8 9 11 14 16 17 19 20 21 22 23 24 25 28 29 31 32 33 34 35 36 37 38 40 42 43 44 46 48 49 50 51 53 54 55 56 57 60 61 62 63 64 66 69 71 72 73 74 75 76 77 79 80 81 83 84 85 86 87 90 91 92 93 95 96 97 98 99 100 
1 2 3 4 5 6 7 8 9 11 14 16 17 19 20 21 22 23 24 25 28 29 31 32 33 34 35 36 37 38 40 42 43 44 46 48 49 50 51 53 54 55 56 57 60 61 62 63 64 66 69 71 72 73 74 75 76 77 79 80 81 83 84 85 86 87 90 91 92 95 96 97 98 99 100 
1 2 3 4 5 6 7 8 9 11 14 16 17 19 20 21 22 23 24 25 28 29 31 32 33 34 35 36 37 38 40 42 43 44 46 48 49 50 51 53 54 55 56 57 60 61 62 63 64 66 69 71 72 73 74 75 76 77 79 80 81 84 85 86 87 90 91 95 96 97 98 99 100 
1 2 3 4 5 6 7 8 9 11 14 16 17 19 20 21 22 23 24 25 28 29 31 32 33 34 35 36 37 38 40 42 43 44 46 48 49 50 51 53 54 55 56 57 60 61 62 63 64 66 69 71 72 73 74 75 76 77 79 80 81 84 85 86 87 90 91 95 96 97 98 99 100 
1 2 3 4 5 6 7 8 9 11 14 17 19 20 21 22 23 24 25 28 29 31 32 33 34 35 36 37 38 40 42 43 44 46 48 49 50 51 53 54 55 56 57 60 61 62 63 64 66 69 71 72 73 74 75 76 77 79 80 81 84 85 86 87 90 91 95 96 97 98 99 100 
1 2 3 4 5 6 7 8 9 11 17 19 20 21 22 23 24 25 28 29 31 32 33 34 35 36 37 38 40 42 43 44 46 48 49 50 51 53 54 55 56 57 60 61 62 63 64 66 69 71 72 73 74 75 76 77 79 80 81 84 85 86 87 90 91 95 96 97 98 99 100 
1 2 3 4 5 6 7 8 9 11 17 19 20 21 22 23 24 25 28 29 31 32 33 34 35 36 37 38 40 42 43 44 46 48 49 50 51 53 54 55 56 57 60 61 62 63 64 66 69 71 72 73 74 75 76 77 79 80 81 84 85 86 87 90 91 95 96 98 99 100 
1 2 3 4 5 6 7 8 9 11 17 19 20 21 22 23 24 25 28 29 31 32 33 34 35 36 37 38 40 42 43 44 46 48 49 51 53 54 55 56 57 60 61 62 63 64 66 69 71 72 73 74 75 76 77 79 80 81 84 85 86 87 90 91 95 96 98 99 100 
1 2 3 4 5 6 7 8 9 11 17 19 20 21 22 23 24 25 28 29 31 32 33 34 35 36 37 38 40 42 43 44 46 48 49 51 53 54 55 56 57 60 61 62 63 66 69 71 72 73 74 75 76 77 79 80 81 84 85 86 87 90 91 95 96 98 99 100 
1 2 3 4 5 6 7 8 9 11 17 19 20 21 22 23 24 25 28 29 31 32 33 34 35 36 37 38 40 42 43 44 46 48 49 51 53 54 55 56 57 60 61 62 63 66 69 71 72 73 74 75 76 77 79 80 81 84 85 86 87 90 91 95 98 99 100 
1 2 3 4 5 6 7 8 9 11 17 19 20 21 22 23 24 25 28 29 32 33 34 35 36 37 38 40 42 43 44 46 48 49 51 53 54 55 56 57 60 61 62 63 66 69 71 72 73 74 75 76 77 79 80 81 84 85 86 87 90 91 95 98 99 100 
1 2 3 4 5 6 7 8 9 11 17 19 20 21 22 23 24 25 28 29 32 33 34 35 36 37 38 42 43 44 46 48 49 51 53 54 55 56 57 60 61 62 63 66 69 71 72 73 74 75 76 77 79 80 81 84 85 86 87 90 91 95 98 99 100 
1 2 3 4 5 6 7 8 9 11 17 19 20 21 22 23 24 25 28 29 33 34 35 36 37 38 42 43 44 46 48 49 51 53 54 55 56 57 60 61 62 63 66 69 71 72 73 74 75 76 77 79 80 81 84 85 86 87 90 91 95 98 99 100 
1 2 3 4 5 6 7 8 9 11 17 19 20 21 22 23 24 25 28 29 33 34 35 37 38 42 43 44 46 48 49 51 53 54 55 56 57 60 61 62 63 66 69 71 72 73 74 75 76 77 79 80 81 84 85 86 87 90 91 95 98 99 100 
1 2 3 4 5 6 7 8 9 11 17 19 20 21 22 23 24 25 28 29 34 35 37 38 42 43 44 46 48 49 51 53 54 55 56 57 60 61 62 63 66 69 71 72 73 74 75 76 77 79 80 81 84 85 86 87 90 91 95 98 99 100 
1 2 3 4 5 6 7 8 9 11 17 19 20 21 22 23 24 25 28 29 34 35 37 38 42 43 44 46 48 49 51 53 55 56 57 60 61 62 63 66 69 71 72 73 74 75 76 77 80 81 84 85 86 87 90 91 95 98 99 100 
1 2 3 4 5 6 7 8 9 11 17 19 20 21 22 23 24 25 28 29 34 35 37 38 42 43 44 46 48 49 51 53 55 56 57 60 61 62 63 66 69 71 72 73 74 75 76 77 80 81 84 85 86 87 90 91 95 98 99 100 
1 2 3 4 5 6 7 8 9 11 17 19 20 21 22 23 24 25 28 29 34 35 37 38 42 43 44 46 48 49 51 53 55 56 57 60 61 62 63 66 69 71 72 73 74 75 76 77 81 84 85 86 87 90 91 95 98 99 100 
1 2 3 4 5 6 7 8 9 11 17 19 20 21 22 23 24 25 28 29 35 37 38 42 43 44 46 48 49 51 53 55 56 57 60 61 62 63 66 69 71 72 73 74 75 76 77 81 84 85 86 87 90 91 95 98 99 100 
1 2 3 4 5 6 7 8 9 11 17 19 20 21 22 23 24 25 28 29 35 37 38 42 43 44 46 48 49 51 53 55 56 57 60 61 62 63 66 69 71 72 73 74 75 76 77 81 84 85 86 87 90 91 95 99 100 
1 2 3 4 5 6 7 8 9 11 19 20 21 22 23 24 25 28 29 35 37 38 42 43 44 46 48 49 51 53 55 56 57 60 61 62 63 66 69 71 72 73 74 75 76 77 81 84 85 86 87 90 91 95 99 100 
1 2 3 4 5 6 7 8 9 11 19 20 21 22 23 24 25 28 29 35 37 38 42 43 44 46 48 49 51 53 55 56 57 60 62 63 66 69 71 72 73 74 75 76 77 81 84 85 86 87 90 91 95 99 100 
1 2 3 4 5 6 7 8 9 11 19 20 21 22 23 24 25 28 29 35 37 38 42 43 44 46 48 49 51 53 55 56 57 60 62 63 66 71 72 73 74 75 76 77 81 84 85 86 87 90 91 95 99 100 
1 2 3 4 5 6 7 8 9 19 20 21 22 23 24 25 28 29 35 37 38 42 43 44 46 48 49 51 53 55 56 57 60 62 63 66 71 72 73 74 75 76 77 81 84 85 86 87 90 91 95 99 100 
1 2 3 4 5 6 8 9 19 20 21 22 23 24 25 28 29 35 37 38 42 43 44 46 48 49 51 53 55 56 57 60 62 63 66 71 72 73 74 75 76 77 81 84 85 86 87 90 91 95 99 100 
1 2 3 4 5 6 8 9 19 20 21 22 24 25 28 29 35 37 38 42 43 44 46 48 49 51 53 55 56 57 60 62 63 66 71 72 73 74 75 76 77 81 84 85 86 87 90 91 95 99 100 
1 2 3 4 5 6 9 19 20 21 22 24 25 28 29 35 37 38 42 43 44 46 48 49 51 53 55 56 57 60 62 63 66 71 72 73 74 75 76 77 81 84 85 86 87 90 91 95 99 100 
1 2 3 4 5 6 9 19 20 21 22 24 25 28 29 35 37 38 42 43 44 46 48 49 51 53 55 56 57 60 62 63 66 71 72 73 74 75 76 81 84 85 86 87 90 91 95 99 100 
1 2 3 4 5 6 9 19 20 21 22 24 25 28 29 35 37 38 42 43 44 46 48 49 53 55 56 57 60 62 63 66 71 72 73 74 75 76 81 84 85 86 87 90 91 95 99 100 
1 2 3 4 5 6 9 19 20 21 22 24 25 28 29 35 37 38 42 43 44 48 49 53 55 56 57 60 62 63 66 71 72 73 74 75 76 81 84 85 86 87 90 91 95 99 100 
1 2 3 4 5 6 9 19 20 21 22 24 25 28 29 35 37 38 42 43 44 48 49 53 55 56 57 60 62 63 66 71 72 73 74 75 76 81 84 85 86 90 91 95 99 100 
1 2 3 4 5 6 9 19 20 21 22 24 25 28 29 35 37 38 42 43 44 48 49 53 55 56 57 60 62 63 66 72 73 74 75 76 81 84 85 86 90 91 95 99 100 
1 2 3 4 5 6 9 19 20 21 22 24 25 28 29 35 37 38 42 43 48 49 53 55 56 57 60 62 63 66 72 73 74 75 76 81 84 85 86 90 91 95 99 100 
1 2 3 4 5 6 9 19 20 21 22 24 25 28 29 35 37 38 42 43 49 53 55 56 57 60 62 63 66 72 73 74 75 76 81 84 85 86 90 91 95 99 100 
1 2 3 4 5 6 9 19 20 21 24 25 28 29 35 37 38 42 43 49 53 55 56 57 60 62 63 66 72 73 74 75 76 81 84 85 86 90 91 95 99 100 
1 3 4 5 6 9 19 20 21 24 25 28 29 35 37 38 42 43 49 53 55 56 57 60 62 63 66 72 73 74 75 76 81 84 85 86 90 91 95 99 100 
1 3 4 5 6 9 19 20 21 24 28 29 35 37 38 42 43 49 53 55 56 57 60 62 63 66 72 73 74 75 76 81 84 85 86 90 91 95 99 100 
1 3 4 5 6 9 19 20 21 24 28 29 35 37 38 42 49 53 55 56 57 62 63 66 72 73 74 75 76 81 84 85 86 90 91 95 99 100 
1 3 4 5 6 9 19 20 21 24 28 29 35 37 38 42 49 53 55 56 57 62 63 66 72 73 74 75 76 81 84 85 86 90 91 95 99 100 
1 3 4 5 6 9 19 20 21 28 29 35 37 38 42 49 53 55 56 57 62 63 66 72 73 74 75 76 81 84 85 86 90 91 95 99 100 
1 3 4 5 6 9 19 20 21 29 35 37 38 42 49 53 55 56 57 62 63 66 72 73 74 75 76 81 84 85 86 90 91 95 99 100 
1 3 4 5 6 9 19 20 21 29 35 37 38 42 49 53 55 56 57 62 63 66 72 73 74 75 76 81 84 86 90 91 95 99 100 
1 3 5 6 9 19 20 21 29 35 37 38 42 49 53 55 56 57 62 63 66 72 73 74 75 76 81 84 86 90 91 95 99 100 
1 3 5 6 9 19 20 21 29 35 37 38 42 49 53 55 56 57 62 63 66 72 73 75 76 81 84 86 90 91 95 99 100 
1 3 5 6 9 20 21 29 35 37 38 42 49 53 55 56 57 62 63 66 72 73 75 76 81 84 86 90 91 95 99 100 
1 3 5 9 20 21 29 35 37 38 42 49 53 55 56 57 62 63 66 72 73 75 76 81 84 86 90 91 95 99 100 
1 3 5 9 20 21 29 35 38 42 49 53 55 56 57 62 63 66 72 73 75 76 81 84 86 90 91 95 99 100 
1 3 5 9 20 21 29 38 42 49 53 55 56 57 62 63 66 72 73 75 76 81 84 86 90 91 95 99 100 
1 5 9 20 21 29 38 42 49 53 55 56 57 62 63 66 72 73 75 76 81 84 86 90 91 95 99 100 
1 5 9 20 21 29 38 42 49 53 55 56 57 62 63 66 72 73 75 76 81 84 86 90 91 95 100 
1 5 20 21 29 38 42 49 53 55 56 57 62 63 66 72 73 75 76 81 84 86 90 91 95 100 
5 20 21 29 38 42 49 53 55 56 57 62 63 66 72 73 75 76 81 84 86 90 91 95 100 
5 20 21 29 38 49 53 55 56 57 62 63 66 72 73 75 76 81 84 86 90 91 95 100 
5 20 21 38 49 53 55 56 57 62 63 66 72 73 75 76 81 84 86 90 91 95 100 
5 20 21 38 53 55 56 57 62 63 66 72 73 75 76 81 84 86 90 91 95 100 
20 21 38 53 55 56 57 62 63 66 72 73 75 76 81 84 86 90 91 95 100 
20 21 38 53 55 56 57 62 63 66 72 75 76 81 84 86 90 91 95 100 
20 21 38 53 55 56 57 62 63 66 72 75 76 84 86 90 91 95 100 
20 21 38 53 55 56 57 62 63 66 72 75 76 84 86 90 95 100 
20 38 53 55 56 57 62 63 66 72 75 76 84 86 90 95 100 
20 38 53 56 57 62 63 66 72 75 76 84 86 90 95 100 
20 38 53 56 57 63 66 72 75 76 84 86 90 95 100 
20 38 53 57 63 66 72 75 76 84 86 90 95 100 
20 38 53 57 63 66 72 75 76 84 86 90 95 
20 38 53 57 63 66 72 75 76 86 90 95 
20 38 53 57 63 66 72 76 86 90 95 
20 38 53 57 63 66 72 86 90 95 
20 38 53 57 63 66 72 86 90 
20 38 53 57 63 66 72 90 
20 38 53 63 66 72 90 
20 38 53 63 72 90 
20 38 53 72 90 
38 53 72 90 
38 53 90 
38 53 
38 






